[debug] [2023-10-04T16:39:53.568Z] ----------------------------------------------------------------------
[debug] [2023-10-04T16:39:53.570Z] Command:       C:\Program Files\nodejs\node.exe C:\Users\endis\AppData\Roaming\npm\node_modules\firebase-tools\lib\bin\firebase.js emulators:start
[debug] [2023-10-04T16:39:53.571Z] CLI Version:   12.5.4
[debug] [2023-10-04T16:39:53.571Z] Platform:      win32
[debug] [2023-10-04T16:39:53.571Z] Node Version:  v18.17.0
[debug] [2023-10-04T16:39:53.572Z] Time:          Wed Oct 04 2023 12:39:53 GMT-0400 (Eastern Daylight Time)
[debug] [2023-10-04T16:39:53.572Z] ----------------------------------------------------------------------
[debug] 
[debug] [2023-10-04T16:39:53.711Z] > command requires scopes: ["email","openid","https://www.googleapis.com/auth/cloudplatformprojects.readonly","https://www.googleapis.com/auth/firebase","https://www.googleapis.com/auth/cloud-platform"]
[debug] [2023-10-04T16:39:53.712Z] > authorizing via signed-in user (tenuyenahom@gmail.com)
[info] i  emulators: Starting emulators: functions {"metadata":{"emulator":{"name":"hub"},"message":"Starting emulators: functions"}}
[debug] [2023-10-04T16:39:53.724Z] [logging] Logging Emulator only supports listening on one address (127.0.0.1). Not listening on ::1
[debug] [2023-10-04T16:39:53.724Z] assigned listening specs for emulators {"user":{"hub":[{"address":"127.0.0.1","family":"IPv4","port":4400},{"address":"::1","family":"IPv6","port":4400}],"ui":[{"address":"127.0.0.1","family":"IPv4","port":4000},{"address":"::1","family":"IPv6","port":4000}],"logging":[{"address":"127.0.0.1","family":"IPv4","port":4500}]},"metadata":{"message":"assigned listening specs for emulators"}}
[debug] [2023-10-04T16:39:53.738Z] [hub] writing locator at C:\Users\endis\AppData\Local\Temp\hub-project-366ff.json
[debug] [2023-10-04T16:39:53.756Z] [functions] Functions Emulator only supports listening on one address (127.0.0.1). Not listening on ::1
[debug] [2023-10-04T16:39:53.756Z] [eventarc] Eventarc Emulator only supports listening on one address (127.0.0.1). Not listening on ::1
[debug] [2023-10-04T16:39:53.757Z] late-assigned ports for functions and eventarc emulators {"user":{"hub":[{"address":"127.0.0.1","family":"IPv4","port":4400},{"address":"::1","family":"IPv6","port":4400}],"ui":[{"address":"127.0.0.1","family":"IPv4","port":4000},{"address":"::1","family":"IPv6","port":4000}],"logging":[{"address":"127.0.0.1","family":"IPv4","port":4500}],"functions":[{"address":"127.0.0.1","family":"IPv4","port":5001}],"eventarc":[{"address":"127.0.0.1","family":"IPv4","port":9299}]},"metadata":{"message":"late-assigned ports for functions and eventarc emulators"}}
[warn] !  functions: The following emulators are not running, calls to these services from the Functions emulator will affect production: auth, firestore, database, hosting, pubsub, storage {"metadata":{"emulator":{"name":"functions"},"message":"The following emulators are not running, calls to these services from the Functions emulator will affect production: \u001b[1mauth, firestore, database, hosting, pubsub, storage\u001b[22m"}}
[debug] [2023-10-04T16:39:53.761Z] defaultcredentials: writing to file C:\Users\endis\AppData\Roaming\firebase\tenuyenahom_gmail_com_application_default_credentials.json
[debug] [2023-10-04T16:39:53.763Z] Setting GAC to C:\Users\endis\AppData\Roaming\firebase\tenuyenahom_gmail_com_application_default_credentials.json {"metadata":{"emulator":{"name":"functions"},"message":"Setting GAC to C:\\Users\\endis\\AppData\\Roaming\\firebase\\tenuyenahom_gmail_com_application_default_credentials.json"}}
[debug] [2023-10-04T16:39:53.765Z] >>> [apiv2][query] GET https://firebase.googleapis.com/v1beta1/projects/project-366ff/adminSdkConfig [none]
[debug] [2023-10-04T16:39:54.115Z] <<< [apiv2][status] GET https://firebase.googleapis.com/v1beta1/projects/project-366ff/adminSdkConfig 200
[debug] [2023-10-04T16:39:54.115Z] <<< [apiv2][body] GET https://firebase.googleapis.com/v1beta1/projects/project-366ff/adminSdkConfig {"projectId":"project-366ff","storageBucket":"project-366ff.appspot.com"}
[debug] [2023-10-04T16:39:54.139Z] Ignoring unsupported arg: auto_download {"metadata":{"emulator":{"name":"ui"},"message":"Ignoring unsupported arg: auto_download"}}
[debug] [2023-10-04T16:39:54.139Z] Ignoring unsupported arg: port {"metadata":{"emulator":{"name":"ui"},"message":"Ignoring unsupported arg: port"}}
[debug] [2023-10-04T16:39:54.139Z] Starting Emulator UI with command {"binary":"node","args":["C:\\Users\\endis\\.cache\\firebase\\emulators\\ui-v1.11.7\\server\\server.js"],"optionalArgs":[],"joinArgs":false} {"metadata":{"emulator":{"name":"ui"},"message":"Starting Emulator UI with command {\"binary\":\"node\",\"args\":[\"C:\\\\Users\\\\endis\\\\.cache\\\\firebase\\\\emulators\\\\ui-v1.11.7\\\\server\\\\server.js\"],\"optionalArgs\":[],\"joinArgs\":false}"}}
[info] i  ui: Emulator UI logging to ui-debug.log {"metadata":{"emulator":{"name":"ui"},"message":"Emulator UI logging to \u001b[1mui-debug.log\u001b[22m"}}
[debug] [2023-10-04T16:39:54.265Z] Web / API server started at 127.0.0.1:4000
 {"metadata":{"emulator":{"name":"ui"},"message":"Web / API server started at 127.0.0.1:4000\n"}}
[debug] [2023-10-04T16:39:54.266Z] Web / API server started at ::1:4000
 {"metadata":{"emulator":{"name":"ui"},"message":"Web / API server started at ::1:4000\n"}}
[info] i  functions: Watching "C:\Users\endis\Desktop\Evangadi\Project\Amazon-clone\amazon-project\functions" for Cloud Functions... {"metadata":{"emulator":{"name":"functions"},"message":"Watching \"C:\\Users\\endis\\Desktop\\Evangadi\\Project\\Amazon-clone\\amazon-project\\functions\" for Cloud Functions..."}}
[debug] [2023-10-04T16:39:54.427Z] Validating nodejs source
[debug] [2023-10-04T16:39:55.770Z] > [functions] package.json contents: {
  "name": "functions",
  "description": "Cloud Functions for Firebase",
  "scripts": {
    "lint": "eslint .",
    "serve": "firebase emulators:start --only functions",
    "shell": "firebase functions:shell",
    "start": "npm run shell",
    "deploy": "firebase deploy --only functions",
    "logs": "firebase functions:log"
  },
  "engines": {
    "node": "18"
  },
  "main": "index.js",
  "dependencies": {
    "cors": "^2.8.5",
    "express": "^4.18.2",
    "firebase-admin": "^11.8.0",
    "firebase-functions": "^4.3.1",
    "stripe": "^13.7.0"
  },
  "devDependencies": {
    "eslint": "^8.15.0",
    "eslint-config-google": "^0.14.0",
    "firebase-functions-test": "^3.1.0"
  },
  "private": true
}
[debug] [2023-10-04T16:39:55.771Z] Building nodejs source
[debug] [2023-10-04T16:39:55.771Z] Failed to find version of module node: reached end of search path C:\Users\endis\Desktop\Evangadi\Project\Amazon-clone\amazon-project\functions\node_modules
[info] +  functions: Using node@18 from host. 
[debug] [2023-10-04T16:39:55.775Z] Could not find functions.yaml. Must use http discovery
[debug] [2023-10-04T16:39:55.781Z] Found firebase-functions binary at 'C:\Users\endis\Desktop\Evangadi\Project\Amazon-clone\amazon-project\functions\node_modules\.bin\firebase-functions'
[info] Serving at port 8241

[debug] [2023-10-04T16:39:56.341Z] Got response from /__/functions.yaml {"endpoints":{"api":{"platform":"gcfv1","availableMemoryMb":null,"timeoutSeconds":null,"minInstances":null,"maxInstances":null,"ingressSettings":null,"serviceAccountEmail":null,"vpc":null,"httpsTrigger":{},"entryPoint":"api"}},"specVersion":"v1alpha1","requiredAPIs":[]}
[info] shutdown requested via /__/quitquitquit

[info] +  functions: Loaded functions definitions from source: api. {"metadata":{"emulator":{"name":"functions"},"message":"Loaded functions definitions from source: api."}}
[info] +  functions[us-central1-api]: http function initialized (http://127.0.0.1:5001/project-366ff/us-central1/api). {"metadata":{"emulator":{"name":"functions"},"message":"\u001b[1mhttp\u001b[22m function initialized (http://127.0.0.1:5001/project-366ff/us-central1/api)."}}
[info] 
┌─────────────────────────────────────────────────────────────┐
│ ✔  All emulators ready! It is now safe to connect your app. │
│ i  View Emulator UI at http://127.0.0.1:4000/               │
└─────────────────────────────────────────────────────────────┘

┌───────────┬────────────────┬─────────────────────────────────┐
│ Emulator  │ Host:Port      │ View in Emulator UI             │
├───────────┼────────────────┼─────────────────────────────────┤
│ Functions │ 127.0.0.1:5001 │ http://127.0.0.1:4000/functions │
└───────────┴────────────────┴─────────────────────────────────┘
  Emulator Hub running at 127.0.0.1:4400
  Other reserved ports: 4500

Issues? Report them at https://github.com/firebase/firebase-tools/issues and attach the *-debug.log files.
 
[debug] [2023-10-04T16:40:31.089Z] [work-queue] {"queuedWork":["/project-366ff/us-central1/api/payments/create-2023-10-04T16:40:31.089Z"],"queueLength":1,"runningWork":[],"workRunningCount":0}
[debug] [2023-10-04T16:40:31.090Z] [work-queue] {"queuedWork":[],"queueLength":0,"runningWork":["/project-366ff/us-central1/api/payments/create-2023-10-04T16:40:31.089Z"],"workRunningCount":1}
[debug] [2023-10-04T16:40:31.092Z] Accepted request POST /project-366ff/us-central1/api/payments/create?total=45795 --> us-central1-api
[debug] [2023-10-04T16:40:31.098Z] [functions] Runtime ready! Sending request! {"metadata":{"emulator":{"name":"functions"},"message":"[functions] Runtime ready! Sending request!"}}
[debug] [2023-10-04T16:40:31.099Z] [functions] Got req.url=/project-366ff/us-central1/api/payments/create?total=45795, mapping to path=/payments/create?total=45795 {"metadata":{"emulator":{"name":"functions"},"message":"[functions] Got req.url=/project-366ff/us-central1/api/payments/create?total=45795, mapping to path=/payments/create?total=45795"}}
[debug] [2023-10-04T16:40:31.114Z] [worker-pool] addWorker(us-central1-api) {"metadata":{"emulator":{"name":"functions"},"message":"[worker-pool] addWorker(us-central1-api)"}}
[debug] [2023-10-04T16:40:31.116Z] [worker-pool] Adding worker with key us-central1-api, total=1 {"metadata":{"emulator":{"name":"functions"},"message":"[worker-pool] Adding worker with key us-central1-api, total=1"}}
[debug] [2023-10-04T16:40:32.315Z] [runtime-status] [10732] Resolved module firebase-admin {"declared":true,"installed":true,"version":"11.10.1","resolution":"C:\\Users\\endis\\Desktop\\Evangadi\\Project\\Amazon-clone\\amazon-project\\functions\\node_modules\\firebase-admin\\lib\\index.js"} {"metadata":{"emulator":{"name":"functions"},"function":{"name":"us-central1-api"},"extension":{},"message":"[runtime-status] [10732] Resolved module firebase-admin {\"declared\":true,\"installed\":true,\"version\":\"11.10.1\",\"resolution\":\"C:\\\\Users\\\\endis\\\\Desktop\\\\Evangadi\\\\Project\\\\Amazon-clone\\\\amazon-project\\\\functions\\\\node_modules\\\\firebase-admin\\\\lib\\\\index.js\"}"}}
[debug] [2023-10-04T16:40:32.316Z] [runtime-status] [10732] Resolved module firebase-functions {"declared":true,"installed":true,"version":"4.4.1","resolution":"C:\\Users\\endis\\Desktop\\Evangadi\\Project\\Amazon-clone\\amazon-project\\functions\\node_modules\\firebase-functions\\lib\\v1\\index.js"} {"metadata":{"emulator":{"name":"functions"},"function":{"name":"us-central1-api"},"extension":{},"message":"[runtime-status] [10732] Resolved module firebase-functions {\"declared\":true,\"installed\":true,\"version\":\"4.4.1\",\"resolution\":\"C:\\\\Users\\\\endis\\\\Desktop\\\\Evangadi\\\\Project\\\\Amazon-clone\\\\amazon-project\\\\functions\\\\node_modules\\\\firebase-functions\\\\lib\\\\v1\\\\index.js\"}"}}
[debug] [2023-10-04T16:40:32.316Z] [runtime-status] [10732] Outgoing network have been stubbed. [{"name":"http","status":"mocked"},{"name":"http","status":"mocked"},{"name":"https","status":"mocked"},{"name":"https","status":"mocked"},{"name":"net","status":"mocked"}] {"metadata":{"emulator":{"name":"functions"},"function":{"name":"us-central1-api"},"extension":{},"message":"[runtime-status] [10732] Outgoing network have been stubbed. [{\"name\":\"http\",\"status\":\"mocked\"},{\"name\":\"http\",\"status\":\"mocked\"},{\"name\":\"https\",\"status\":\"mocked\"},{\"name\":\"https\",\"status\":\"mocked\"},{\"name\":\"net\",\"status\":\"mocked\"}]"}}
[debug] [2023-10-04T16:40:32.317Z] [runtime-status] [10732] Resolved module firebase-functions {"declared":true,"installed":true,"version":"4.4.1","resolution":"C:\\Users\\endis\\Desktop\\Evangadi\\Project\\Amazon-clone\\amazon-project\\functions\\node_modules\\firebase-functions\\lib\\v1\\index.js"} {"metadata":{"emulator":{"name":"functions"},"function":{"name":"us-central1-api"},"extension":{},"message":"[runtime-status] [10732] Resolved module firebase-functions {\"declared\":true,\"installed\":true,\"version\":\"4.4.1\",\"resolution\":\"C:\\\\Users\\\\endis\\\\Desktop\\\\Evangadi\\\\Project\\\\Amazon-clone\\\\amazon-project\\\\functions\\\\node_modules\\\\firebase-functions\\\\lib\\\\v1\\\\index.js\"}"}}
[debug] [2023-10-04T16:40:32.544Z] [runtime-status] [10732] Checked functions.config() {"config":{}} {"metadata":{"emulator":{"name":"functions"},"function":{"name":"us-central1-api"},"extension":{},"message":"[runtime-status] [10732] Checked functions.config() {\"config\":{}}"}}
[debug] [2023-10-04T16:40:32.545Z] [runtime-status] [10732] firebase-functions has been stubbed. {"functionsResolution":{"declared":true,"installed":true,"version":"4.4.1","resolution":"C:\\Users\\endis\\Desktop\\Evangadi\\Project\\Amazon-clone\\amazon-project\\functions\\node_modules\\firebase-functions\\lib\\v1\\index.js"}} {"metadata":{"emulator":{"name":"functions"},"function":{"name":"us-central1-api"},"extension":{},"message":"[runtime-status] [10732] firebase-functions has been stubbed. {\"functionsResolution\":{\"declared\":true,\"installed\":true,\"version\":\"4.4.1\",\"resolution\":\"C:\\\\Users\\\\endis\\\\Desktop\\\\Evangadi\\\\Project\\\\Amazon-clone\\\\amazon-project\\\\functions\\\\node_modules\\\\firebase-functions\\\\lib\\\\v1\\\\index.js\"}}"}}
[debug] [2023-10-04T16:40:32.545Z] [runtime-status] [10732] Resolved module firebase-functions {"declared":true,"installed":true,"version":"4.4.1","resolution":"C:\\Users\\endis\\Desktop\\Evangadi\\Project\\Amazon-clone\\amazon-project\\functions\\node_modules\\firebase-functions\\lib\\v1\\index.js"} {"metadata":{"emulator":{"name":"functions"},"function":{"name":"us-central1-api"},"extension":{},"message":"[runtime-status] [10732] Resolved module firebase-functions {\"declared\":true,\"installed\":true,\"version\":\"4.4.1\",\"resolution\":\"C:\\\\Users\\\\endis\\\\Desktop\\\\Evangadi\\\\Project\\\\Amazon-clone\\\\amazon-project\\\\functions\\\\node_modules\\\\firebase-functions\\\\lib\\\\v1\\\\index.js\"}"}}
[debug] [2023-10-04T16:40:32.547Z] [runtime-status] [10732] Resolved module firebase-admin {"declared":true,"installed":true,"version":"11.10.1","resolution":"C:\\Users\\endis\\Desktop\\Evangadi\\Project\\Amazon-clone\\amazon-project\\functions\\node_modules\\firebase-admin\\lib\\index.js"} {"metadata":{"emulator":{"name":"functions"},"function":{"name":"us-central1-api"},"extension":{},"message":"[runtime-status] [10732] Resolved module firebase-admin {\"declared\":true,\"installed\":true,\"version\":\"11.10.1\",\"resolution\":\"C:\\\\Users\\\\endis\\\\Desktop\\\\Evangadi\\\\Project\\\\Amazon-clone\\\\amazon-project\\\\functions\\\\node_modules\\\\firebase-admin\\\\lib\\\\index.js\"}"}}
[debug] [2023-10-04T16:40:32.549Z] [runtime-status] [10732] Resolved module firebase-functions {"declared":true,"installed":true,"version":"4.4.1","resolution":"C:\\Users\\endis\\Desktop\\Evangadi\\Project\\Amazon-clone\\amazon-project\\functions\\node_modules\\firebase-functions\\lib\\v1\\index.js"} {"metadata":{"emulator":{"name":"functions"},"function":{"name":"us-central1-api"},"extension":{},"message":"[runtime-status] [10732] Resolved module firebase-functions {\"declared\":true,\"installed\":true,\"version\":\"4.4.1\",\"resolution\":\"C:\\\\Users\\\\endis\\\\Desktop\\\\Evangadi\\\\Project\\\\Amazon-clone\\\\amazon-project\\\\functions\\\\node_modules\\\\firebase-functions\\\\lib\\\\v1\\\\index.js\"}"}}
[debug] [2023-10-04T16:40:32.550Z] [runtime-status] [10732] firebase-admin has been stubbed. {"adminResolution":{"declared":true,"installed":true,"version":"11.10.1","resolution":"C:\\Users\\endis\\Desktop\\Evangadi\\Project\\Amazon-clone\\amazon-project\\functions\\node_modules\\firebase-admin\\lib\\index.js"}} {"metadata":{"emulator":{"name":"functions"},"function":{"name":"us-central1-api"},"extension":{},"message":"[runtime-status] [10732] firebase-admin has been stubbed. {\"adminResolution\":{\"declared\":true,\"installed\":true,\"version\":\"11.10.1\",\"resolution\":\"C:\\\\Users\\\\endis\\\\Desktop\\\\Evangadi\\\\Project\\\\Amazon-clone\\\\amazon-project\\\\functions\\\\node_modules\\\\firebase-admin\\\\lib\\\\index.js\"}}"}}
[debug] [2023-10-04T16:40:32.723Z] [runtime-status] [10732] Functions runtime initialized. {"cwd":"C:\\Users\\endis\\Desktop\\Evangadi\\Project\\Amazon-clone\\amazon-project\\functions","node_version":"18.17.0"} {"metadata":{"emulator":{"name":"functions"},"function":{"name":"us-central1-api"},"extension":{},"message":"[runtime-status] [10732] Functions runtime initialized. {\"cwd\":\"C:\\\\Users\\\\endis\\\\Desktop\\\\Evangadi\\\\Project\\\\Amazon-clone\\\\amazon-project\\\\functions\",\"node_version\":\"18.17.0\"}"}}
[debug] [2023-10-04T16:40:32.724Z] [runtime-status] [10732] Listening to port: \\?\pipe\fire_emu_bca35b63f2c373ce {"metadata":{"emulator":{"name":"functions"},"function":{"name":"us-central1-api"},"extension":{},"message":"[runtime-status] [10732] Listening to port: \\\\?\\pipe\\fire_emu_bca35b63f2c373ce"}}
[debug] [2023-10-04T16:40:32.765Z] [worker-us-central1-api-66165023-be11-4766-8776-3b19700ad9ce]: IDLE {"metadata":{"emulator":{"name":"functions"},"function":{"name":"us-central1-api"},"extension":{},"message":"[worker-us-central1-api-66165023-be11-4766-8776-3b19700ad9ce]: IDLE"}}
[debug] [2023-10-04T16:40:32.765Z] [worker-pool] submitRequest(triggerId=us-central1-api) {"metadata":{"emulator":{"name":"functions"},"message":"[worker-pool] submitRequest(triggerId=us-central1-api)"}}
[info] i  functions: Beginning execution of "us-central1-api" {"metadata":{"emulator":{"name":"functions"},"function":{"name":"us-central1-api"},"extension":{},"message":"Beginning execution of \"us-central1-api\""}}
[debug] [2023-10-04T16:40:32.766Z] [worker-us-central1-api-66165023-be11-4766-8776-3b19700ad9ce]: BUSY {"metadata":{"emulator":{"name":"functions"},"function":{"name":"us-central1-api"},"extension":{},"message":"[worker-us-central1-api-66165023-be11-4766-8776-3b19700ad9ce]: BUSY"}}
[info] >  payment Request Recieved for this amount >>> 45795 {"user":"payment Request Recieved for this amount >>> 45795","metadata":{"emulator":{"name":"functions"},"function":{"name":"us-central1-api"},"extension":{},"message":"\u001b[90m> \u001b[39m payment Request Recieved for this amount >>> 45795"}}
[debug] [2023-10-04T16:40:33.240Z] Finishing up request with event=pause {"metadata":{"emulator":{"name":"functions"},"function":{"name":"us-central1-api"},"extension":{},"message":"Finishing up request with event=pause"}}
[info] i  functions: Finished "us-central1-api" in 473.6167ms {"metadata":{"emulator":{"name":"functions"},"function":{"name":"us-central1-api"},"extension":{},"message":"Finished \"us-central1-api\" in 473.6167ms"}}
[debug] [2023-10-04T16:40:33.241Z] [worker-us-central1-api-66165023-be11-4766-8776-3b19700ad9ce]: IDLE {"metadata":{"emulator":{"name":"functions"},"function":{"name":"us-central1-api"},"extension":{},"message":"[worker-us-central1-api-66165023-be11-4766-8776-3b19700ad9ce]: IDLE"}}
[debug] [2023-10-04T16:40:33.241Z] Finishing up request with event=finish {"metadata":{"emulator":{"name":"functions"},"function":{"name":"us-central1-api"},"extension":{},"message":"Finishing up request with event=finish"}}
[debug] [2023-10-04T16:40:33.241Z] Finishing up request with event=close {"metadata":{"emulator":{"name":"functions"},"function":{"name":"us-central1-api"},"extension":{},"message":"Finishing up request with event=close"}}
[debug] [2023-10-04T16:40:33.241Z] [work-queue] {"queuedWork":[],"queueLength":0,"runningWork":[],"workRunningCount":0}
